2734286786
2255308022
3060308660
2884681602
2591775116
3776060032
3542413144
3281036208
3053248546
1406716702
2794250764
734187414
3008816352
518024416
3127621224
1621399916
1032571122
3035089094
2941527160
1524414932
2422742758
847928138
1221295108
205167954
2392566602
1437227184
1368557068
2811145862
684012054
1813657256
2770884808
1872993608
1234770174
2729119380
3395984750
2101395208
2278658562
3478557048
2853256412
3088573844
3928032862
251172896
2199059184
2321805260
3581255244
2712635452
1957605316
1434632462
1967424048
2231800376
3239705600
2785901044
1125560154
1576375376
3208444074
1585498664
3240212618
1939889908
2603451858
659505770
